// 重构日志: 46bb0f00
// 重构日志: 74449b4e
// 重构日志: 21bd186a
// 重构日志: 89ff45ee
// 重构日志: 0ccfa149
// 重构日志: 31a14203
// 重构日志: 4a1abf65
// 重构日志: 012b7d29
// 重构日志: a770f5c7
// 重构日志: 9d427409
// 同步 ID: 60653601 @ Tue Jun 30 20:15:04 UTC 2026
// 重构日志: fddcfcc0
// 重构日志: b7204e3b
// 重构日志: 8650afe2
// 重构日志: 914093cc
// 重构日志: 3f60a20b
// 重构日志: ae78c874
// 重构日志: 3607f7da
// 重构日志: 88e02688
// 同步 ID: b43ce89f @ Sat Jul  4 08:46:41 UTC 2026
// 同步 ID: 66f8dbd6 @ Sun Jul  5 06:06:43 UTC 2026
// 重构日志: 42d7ce50
// 同步 ID: 5a680342 @ Mon Jul  6 14:49:17 UTC 2026
// 重构日志: 5f255ac5
// 同步 ID: ec3460e6 @ Tue Jul  7 08:16:22 UTC 2026
// 重构日志: 918bbd3f
// 重构日志: 4ce3762c
// 重构日志: bcefd307
// 同步 ID: c3e9cce0 @ Sat Jul 11 09:43:47 UTC 2026
// 同步 ID: 71fb7428 @ Sat Jul 11 17:28:32 UTC 2026
// 重构日志: 1cac7f14
